C51 COMPILER V9.60.0.0   MAIN                                                              09/26/2025 05:42:05 PAGE 1   


C51 COMPILER V9.60.0.0, COMPILATION OF MODULE MAIN
OBJECT MODULE PLACED IN .\Objects\main.obj
COMPILER INVOKED BY: G:\Keil_v5\C51\BIN\C51.EXE main.c OPTIMIZE(8,SPEED) BROWSE DEBUG OBJECTEXTEND PRINT(.\Listings\main
                    -.lst) TABS(2) OBJECT(.\Objects\main.obj)

line level    source

   1          #include <REG52.H>
   2          #include "beep.h"      // 包含音乐数组 buzzer_music[]
   3          
   4          sbit BEEP = P3^4;      // 蜂鸣器，低电平有效
   5          bit  play_flag;        // 播放完成标志
   6          
   7          // 全局变量用于音乐播放控制
   8          unsigned char code *music_ptr;  // 当前音符指针
   9          unsigned int note_count;        // 当前音符剩余计数
  10          
  11          // 音乐播放速度调节（数值越小播放越快，建议范围：1-4）
  12          #define SPEED_FACTOR 2
  13          
  14          void Timer1Init(void)      // 12 MHz 下 1 ms 中断
  15          {
  16   1          TMOD &= 0x0F;
  17   1          TMOD |= 0x10;          // T1 模式 1
  18   1          ET1 = 1;
  19   1          EA  = 1;
  20   1      }
  21          
  22          void PlayMusic(unsigned char code *p)
  23          {
  24   1          if(p[0]==0 && p[1]==0) 
  25   1          { 
  26   2              play_flag = 1; 
  27   2              TR1 = 0; 
  28   2              BEEP = 1; 
  29   2              return;
  30   2          }
  31   1          
  32   1          // 设置定时器重装值（决定音调）
  33   1          TH1 = p[0]; 
  34   1          TL1 = p[1];
  35   1          
  36   1          // 设置音符持续时间，并应用速度调节
  37   1          note_count = p[2]; 
  38   1          note_count <<= 8; 
  39   1          note_count |= p[3];
  40   1          note_count /= SPEED_FACTOR;  // 除以速度因子来加快播放
  41   1          
  42   1          // 更新音符指针到下一个音符
  43   1          music_ptr = p;
  44   1          
  45   1          TR1 = 1;  // 启动定时器
  46   1      }
  47          
  48          void Timer1_ISR(void) interrupt 3
  49          {
  50   1          // 重新装载定时器值
  51   1          TH1 = music_ptr[0];  
  52   1          TL1 = music_ptr[1];
  53   1          
  54   1          // 翻转蜂鸣器输出产生方波
C51 COMPILER V9.60.0.0   MAIN                                                              09/26/2025 05:42:05 PAGE 2   

  55   1          BEEP = ~BEEP;
  56   1          
  57   1          // 减少音符计数
  58   1          if(--note_count == 0)
  59   1          {
  60   2              // 当前音符播放完毕，切换到下一个音符
  61   2              music_ptr += 4;  // 指向下一个音符数据
  62   2              PlayMusic(music_ptr);
  63   2          }
  64   1      }
  65          
  66          void main(void)
  67          {
  68   1          Timer1Init();
  69   1          play_flag = 0;
  70   1          music_ptr = buzzer_music;  // 初始化音乐指针
  71   1          PlayMusic(buzzer_music);   // 开始播放音乐
  72   1          
  73   1          while(!play_flag);   // 等待播放完成
  74   1          while(1);           // 播放完成后停留在这里
  75   1      }
*** WARNING C316 IN LINE 75 OF main.c: unterminated conditionals


MODULE INFORMATION:   STATIC OVERLAYABLE
   CODE SIZE        =    196    ----
   CONSTANT SIZE    =   1608    ----
   XDATA SIZE       =   ----    ----
   PDATA SIZE       =   ----    ----
   DATA SIZE        =      4    ----
   IDATA SIZE       =   ----    ----
   BIT SIZE         =      1    ----
END OF MODULE INFORMATION.


C51 COMPILATION COMPLETE.  1 WARNING(S),  0 ERROR(S)
